<?xml version="1.0" encoding="UTF-8"?>
<!-- Generated by org.testng.reporters.JUnitXMLReporter -->
<testsuite ignored="0" hostname="DESKTOP-PJLCLMT" failures="0" tests="2" name="Test" time="0.058" errors="0" timestamp="25 Jun 2019 18:52:03 GMT">
  <testcase classname="basics_1.NewTest" name="@BeforeSuite initDriverBeforeSuite" time="0.185">
    <failure type="java.lang.IllegalStateException" message="The path to the driver executable must be set by the webdriver.gecko.driver system property; for more information, see https://github.com/mozilla/geckodriver. The latest version can be downloaded from https://github.com/mozilla/geckodriver/releases">
      <![CDATA[java.lang.IllegalStateException: The path to the driver executable must be set by the webdriver.gecko.driver system property; for more information, see https://github.com/mozilla/geckodriver. The latest version can be downloaded from https://github.com/mozilla/geckodriver/releases
at com.google.common.base.Preconditions.checkState(Preconditions.java:847)
at org.openqa.selenium.remote.service.DriverService.findExecutable(DriverService.java:134)
at org.openqa.selenium.firefox.GeckoDriverService.access$100(GeckoDriverService.java:44)
at org.openqa.selenium.firefox.GeckoDriverService$Builder.findDefaultExecutable(GeckoDriverService.java:167)
at org.openqa.selenium.remote.service.DriverService$Builder.build(DriverService.java:355)
at org.openqa.selenium.firefox.FirefoxDriver.toExecutor(FirefoxDriver.java:190)
at org.openqa.selenium.firefox.FirefoxDriver.<init>(FirefoxDriver.java:147)
at org.openqa.selenium.firefox.FirefoxDriver.<init>(FirefoxDriver.java:125)
at basics_1.NewTest.initDriverBeforeSuite(NewTest.java:28)
... Removed 20 stack frames]]>
    </failure>
  </testcase> <!-- @BeforeSuite initDriverBeforeSuite -->
  <testcase classname="basics_1.TestNgMavenExampleTest" name="@BeforeSuite beforeSuite" time="0.0">
    <skipped/>
  </testcase> <!-- @BeforeSuite beforeSuite -->
  <testcase classname="basics_1.NewTest" name="@BeforeTest beforeTest" time="0.0">
    <skipped/>
  </testcase> <!-- @BeforeTest beforeTest -->
  <testcase classname="basics_1.TestNgMavenExampleTest" name="@BeforeTest beforeTest" time="0.0">
    <skipped/>
  </testcase> <!-- @BeforeTest beforeTest -->
  <testcase classname="basics_1.NewTest" name="@BeforeClass beforeClass" time="0.0">
    <skipped/>
  </testcase> <!-- @BeforeClass beforeClass -->
  <testcase classname="basics_1.NewTest" name="@BeforeMethod beforeMethod" time="0.0">
    <skipped/>
  </testcase> <!-- @BeforeMethod beforeMethod -->
  <testcase classname="basics_1.NewTest" name="@AfterMethod afterMethod" time="0.0">
    <skipped/>
  </testcase> <!-- @AfterMethod afterMethod -->
  <testcase classname="basics_1.NewTest" name="@AfterClass afterClass" time="0.0">
    <skipped/>
  </testcase> <!-- @AfterClass afterClass -->
  <testcase classname="basics_1.TestNgMavenExampleTest" name="@BeforeClass beforeClass" time="0.0">
    <skipped/>
  </testcase> <!-- @BeforeClass beforeClass -->
  <testcase classname="basics_1.TestNgMavenExampleTest" name="@BeforeMethod beforeMethod" time="0.0">
    <skipped/>
  </testcase> <!-- @BeforeMethod beforeMethod -->
  <testcase classname="basics_1.TestNgMavenExampleTest" name="@AfterMethod afterMethod" time="0.0">
    <skipped/>
  </testcase> <!-- @AfterMethod afterMethod -->
  <testcase classname="basics_1.TestNgMavenExampleTest" name="@AfterClass afterClass" time="0.0">
    <skipped/>
  </testcase> <!-- @AfterClass afterClass -->
  <testcase classname="basics_1.NewTest" name="@AfterTest afterTest" time="0.0">
    <skipped/>
  </testcase> <!-- @AfterTest afterTest -->
  <testcase classname="basics_1.TestNgMavenExampleTest" name="@AfterTest afterTest" time="0.0">
    <skipped/>
  </testcase> <!-- @AfterTest afterTest -->
  <testcase classname="basics_1.NewTest" name="myTestMethod" time="0.0">
    <skipped/>
  </testcase> <!-- myTestMethod -->
  <testcase classname="basics_1.TestNgMavenExampleTest" name="myTestMethod" time="0.0">
    <skipped/>
  </testcase> <!-- myTestMethod -->
</testsuite> <!-- Test -->
